11_most_water.js
128_lcs.cpp
12_int_to_roman.js
134_gas_station.cpp
1352_product_class.cpp
135_candy.cpp
138_copy_list.cpp
139_word_break.cpp
13_roman_to_int.js
148_sort_list.cpp
14_longest_common_prefix.cpp
150_reverse_polish.cpp
151_rever_string.py
155_min_stack.cpp
15_3sum.cpp
167_two_sum.cpp
172_trailing_zeros.cpp
1790_char_swap.cpp
1800_max_subsum.cpp
198_house_robber.cpp
19_remove_n_list.cpp
202_happy_number.cpp
209_min_sss.cpp
213_house_robber_II.cpp
21_merge_sorted_lists.cpp
228_summary_ranges.cpp
238_product_array.cpp
23_merge_k_lists.cpp
274_hindex.cpp
283_move_zeroes.cpp
28_first_index.py
300_lisub_seq.cpp
30_substr.cpp
322_coin_change.cpp
337_house_robber_3.cpp
380_idgr.cpp
383_ransomNote.cpp
419_battleship.py
42_trap_water.cpp
452_min_arrows.cpp
45_jump_2.cpp
49_group_anagrams.cpp
53_max_subarr.cpp
55_jump.cpp
56_merge_intervals.cpp
57_insert_interval.cpp
58_last_word.py
61_rotate_list.cpp
66_plus_one.cpp
68_text_justification.cpp
69_sqrt.cpp
6_zig_zag_conversion.cpp
70_climb_stairs.cpp
71_simplify_path.cpp
86_partition_list.cpp
889_construct_tree.cpp
918_explanation.png
918_max_circular_subarr.cpp
92_reverse_ll.cpp
9_palindrome_number.cpp
SQL/1068_product_sales.sql
SQL/1148_article.sql
SQL/1378_employees.sql
SQL/1683_tweets.sql
SQL/1757_low_fat.sql
SQL/584_customer.sql
SQL/595_big_countries.sql
SQL/join_details.png
SQL/notes.txt
SQL/types_join.png
int150_majority_element.cpp
int150_remove_dup_2.cpp
int150_rotate_array.cpp
int250_remove_dup_2.cpp
interview150_remove_dup.cpp
